2024-09-19 14:27:57,120 [INFO] 자동화 프로세스를 초기화합니다.
2024-09-19 14:28:13,446 [INFO] 자동화 프로세스를 초기화합니다.
2024-09-19 14:37:10,110 [INFO] 자동화 프로세스를 초기화합니다.
2024-09-19 14:37:12,148 [INFO] 페이지를 엽니다: http://localhost:3000/main
2024-09-19 14:37:12,839 [INFO] 페이지 로딩이 완료되었습니다.
2024-09-19 14:37:12,839 [INFO] 예매하기 버튼을 클릭합니다.
2024-09-19 14:37:12,887 [INFO] 예매하기 버튼을 클릭했습니다.
2024-09-19 14:37:12,888 [INFO] 폼을 작성합니다.
2024-09-19 14:37:12,936 [INFO] User_ID를 입력했습니다.
2024-09-19 14:37:12,974 [INFO] Password를 입력했습니다.
2024-09-19 14:37:13,021 [INFO] Transaction_Quantity를 입력했습니다.
2024-09-19 14:37:13,053 [INFO] Age를 입력했습니다.
2024-09-19 14:37:13,093 [INFO] Payment_Method를 선택했습니다.
2024-09-19 14:37:13,129 [INFO] Card_Type을 선택했습니다.
2024-09-19 14:37:13,168 [INFO] Card_Number를 입력했습니다.
2024-09-19 14:37:13,169 [INFO] 폼을 제출합니다.
2024-09-19 14:37:13,207 [INFO] 예매하기 버튼을 클릭했습니다.
2024-09-19 14:37:13,207 [INFO] 드라이버를 종료합니다.
2024-09-19 14:42:43,052 [INFO] 자동화 프로세스를 초기화합니다.
2024-09-19 14:42:44,232 [INFO] 페이지를 엽니다: http://localhost:3000/main
2024-09-19 14:42:44,915 [INFO] 페이지 로딩이 완료되었습니다.
2024-09-19 14:42:44,915 [INFO] 예매하기 버튼을 클릭합니다.
2024-09-19 14:42:44,963 [INFO] 예매하기 버튼을 클릭했습니다.
2024-09-19 14:42:44,963 [INFO] 폼을 작성합니다.
2024-09-19 14:42:45,014 [INFO] User_ID를 입력했습니다.
2024-09-19 14:42:45,101 [INFO] Password를 입력했습니다.
2024-09-19 14:42:45,268 [INFO] Transaction_Quantity를 입력했습니다.
2024-09-19 14:42:45,371 [INFO] Age를 입력했습니다.
2024-09-19 14:42:45,457 [INFO] Payment_Method를 선택했습니다.
2024-09-19 14:42:45,488 [INFO] Card_Type을 선택했습니다.
2024-09-19 14:42:45,527 [INFO] Card_Number를 입력했습니다.
2024-09-19 14:42:45,527 [INFO] 폼을 제출합니다.
2024-09-19 14:42:45,562 [INFO] 예매하기 버튼을 클릭했습니다.
2024-09-19 14:42:45,562 [INFO] 드라이버를 종료합니다.
2024-09-19 14:42:52,672 [INFO] 페이지를 엽니다: http://localhost:3000/main
2024-09-19 14:42:56,751 [WARNING] Retrying (Retry(total=2, connect=None, read=None, redirect=None, status=None)) after connection broken by 'NewConnectionError('<urllib3.connection.HTTPConnection object at 0x000001F9103D1390>: Failed to establish a new connection: [WinError 10061] 대상 컴퓨터에서 연결을 거부했으므로 연결하지 못했습니다')': /session/aeed178c431312e3ac450844098d08bb/url
2024-09-19 14:43:00,854 [WARNING] Retrying (Retry(total=1, connect=None, read=None, redirect=None, status=None)) after connection broken by 'NewConnectionError('<urllib3.connection.HTTPConnection object at 0x000001F9103D1AB0>: Failed to establish a new connection: [WinError 10061] 대상 컴퓨터에서 연결을 거부했으므로 연결하지 못했습니다')': /session/aeed178c431312e3ac450844098d08bb/url
2024-09-19 14:43:04,944 [WARNING] Retrying (Retry(total=0, connect=None, read=None, redirect=None, status=None)) after connection broken by 'NewConnectionError('<urllib3.connection.HTTPConnection object at 0x000001F9103D1C60>: Failed to establish a new connection: [WinError 10061] 대상 컴퓨터에서 연결을 거부했으므로 연결하지 못했습니다')': /session/aeed178c431312e3ac450844098d08bb/url
2024-09-19 14:43:40,944 [INFO] 자동화 프로세스를 초기화합니다.
2024-09-19 14:43:42,082 [INFO] 페이지를 엽니다: http://localhost:3000/main
2024-09-19 14:43:42,759 [INFO] 페이지 로딩이 완료되었습니다.
2024-09-19 14:43:42,760 [INFO] 예매하기 버튼을 클릭합니다.
2024-09-19 14:43:42,812 [INFO] 예매하기 버튼을 클릭했습니다.
2024-09-19 14:43:42,812 [INFO] 폼을 작성합니다.
2024-09-19 14:43:42,859 [INFO] User_ID를 입력했습니다.
2024-09-19 14:43:42,899 [INFO] Password를 입력했습니다.
2024-09-19 14:43:42,949 [INFO] Transaction_Quantity를 입력했습니다.
2024-09-19 14:43:42,978 [INFO] Age를 입력했습니다.
2024-09-19 14:43:43,018 [INFO] Payment_Method를 선택했습니다.
2024-09-19 14:43:43,049 [INFO] Card_Type을 선택했습니다.
2024-09-19 14:43:43,105 [INFO] Card_Number를 입력했습니다.
2024-09-19 14:43:43,105 [INFO] 폼을 제출합니다.
2024-09-19 14:43:43,223 [INFO] 예매하기 버튼을 클릭했습니다.
2024-09-19 14:43:43,223 [INFO] 드라이버를 종료합니다.
2024-09-19 14:43:50,331 [INFO] 폼을 작성합니다.
2024-09-19 14:43:54,422 [WARNING] Retrying (Retry(total=2, connect=None, read=None, redirect=None, status=None)) after connection broken by 'NewConnectionError('<urllib3.connection.HTTPConnection object at 0x000001D4C33A1690>: Failed to establish a new connection: [WinError 10061] 대상 컴퓨터에서 연결을 거부했으므로 연결하지 못했습니다')': /session/8ee6a579936f186f14b957f2e42d04f4/element
2024-09-19 14:44:05,545 [INFO] 자동화 프로세스를 초기화합니다.
2024-09-19 14:44:06,755 [INFO] 페이지를 엽니다: http://localhost:3000/main
2024-09-19 14:44:07,441 [INFO] 페이지 로딩이 완료되었습니다.
2024-09-19 14:44:07,442 [INFO] 예매하기 버튼을 클릭합니다.
2024-09-19 14:44:07,493 [INFO] 예매하기 버튼을 클릭했습니다.
2024-09-19 14:44:07,493 [INFO] 폼을 작성합니다.
2024-09-19 14:44:07,541 [INFO] User_ID를 입력했습니다.
2024-09-19 14:44:07,581 [INFO] Password를 입력했습니다.
2024-09-19 14:44:07,628 [INFO] Transaction_Quantity를 입력했습니다.
2024-09-19 14:44:07,656 [INFO] Age를 입력했습니다.
2024-09-19 14:44:07,698 [INFO] Payment_Method를 선택했습니다.
2024-09-19 14:44:07,798 [INFO] Card_Type을 선택했습니다.
2024-09-19 14:44:07,913 [INFO] Card_Number를 입력했습니다.
2024-09-19 14:44:07,914 [INFO] 폼을 제출합니다.
2024-09-19 14:44:08,028 [INFO] 예매하기 버튼을 클릭했습니다.
2024-09-19 14:44:08,028 [INFO] 폼을 작성합니다.
2024-09-19 14:44:08,128 [INFO] User_ID를 입력했습니다.
2024-09-19 14:44:08,210 [INFO] Password를 입력했습니다.
2024-09-19 14:44:08,253 [INFO] Transaction_Quantity를 입력했습니다.
2024-09-19 14:44:08,281 [INFO] Age를 입력했습니다.
2024-09-19 14:44:08,297 [INFO] Payment_Method를 선택했습니다.
2024-09-19 14:44:08,311 [INFO] Card_Type을 선택했습니다.
2024-09-19 14:44:08,339 [INFO] Card_Number를 입력했습니다.
2024-09-19 14:44:08,339 [INFO] 폼을 제출합니다.
2024-09-19 14:44:08,369 [INFO] 예매하기 버튼을 클릭했습니다.
2024-09-19 14:44:08,369 [INFO] 폼을 작성합니다.
2024-09-19 14:44:08,402 [INFO] User_ID를 입력했습니다.
2024-09-19 14:44:08,448 [INFO] Password를 입력했습니다.
2024-09-19 14:44:08,500 [INFO] Transaction_Quantity를 입력했습니다.
2024-09-19 14:44:08,531 [INFO] Age를 입력했습니다.
2024-09-19 14:44:08,548 [INFO] Payment_Method를 선택했습니다.
2024-09-19 14:44:08,568 [INFO] Card_Type을 선택했습니다.
2024-09-19 14:44:08,603 [INFO] Card_Number를 입력했습니다.
2024-09-19 14:44:08,603 [INFO] 폼을 제출합니다.
2024-09-19 14:44:08,634 [INFO] 예매하기 버튼을 클릭했습니다.
2024-09-19 14:44:08,634 [INFO] 폼을 작성합니다.
2024-09-19 14:44:08,666 [INFO] User_ID를 입력했습니다.
2024-09-19 14:44:08,700 [INFO] Password를 입력했습니다.
2024-09-19 14:44:08,749 [INFO] Transaction_Quantity를 입력했습니다.
2024-09-19 14:44:08,778 [INFO] Age를 입력했습니다.
2024-09-19 14:44:08,796 [INFO] Payment_Method를 선택했습니다.
2024-09-19 14:44:08,810 [INFO] Card_Type을 선택했습니다.
2024-09-19 14:44:08,837 [INFO] Card_Number를 입력했습니다.
2024-09-19 14:44:08,837 [INFO] 폼을 제출합니다.
2024-09-19 14:44:08,863 [INFO] 예매하기 버튼을 클릭했습니다.
2024-09-19 14:44:08,863 [INFO] 폼을 작성합니다.
2024-09-19 14:44:08,893 [INFO] User_ID를 입력했습니다.
2024-09-19 14:44:08,926 [INFO] Password를 입력했습니다.
2024-09-19 14:44:08,976 [INFO] Transaction_Quantity를 입력했습니다.
2024-09-19 14:44:09,008 [INFO] Age를 입력했습니다.
2024-09-19 14:44:09,032 [INFO] Payment_Method를 선택했습니다.
2024-09-19 14:44:09,052 [INFO] Card_Type을 선택했습니다.
2024-09-19 14:44:09,077 [INFO] Card_Number를 입력했습니다.
2024-09-19 14:44:09,077 [INFO] 폼을 제출합니다.
2024-09-19 14:44:09,106 [INFO] 예매하기 버튼을 클릭했습니다.
2024-09-19 14:44:09,106 [INFO] 드라이버를 종료합니다.
2024-09-19 14:45:13,324 [INFO] 자동화 프로세스를 초기화합니다.
2024-09-19 14:45:14,485 [INFO] 페이지를 엽니다: http://localhost:3000/main
2024-09-19 14:45:15,156 [INFO] 페이지 로딩이 완료되었습니다.
2024-09-19 14:45:15,156 [INFO] 예매하기 버튼을 클릭합니다.
2024-09-19 14:45:15,204 [INFO] 예매하기 버튼을 클릭했습니다.
2024-09-19 14:45:15,204 [INFO] 폼을 작성합니다.
2024-09-19 14:45:15,253 [INFO] User_ID를 입력했습니다.
2024-09-19 14:45:15,290 [INFO] Password를 입력했습니다.
2024-09-19 14:45:15,339 [INFO] Transaction_Quantity를 입력했습니다.
2024-09-19 14:45:15,367 [INFO] Age를 입력했습니다.
2024-09-19 14:45:15,404 [INFO] Payment_Method를 선택했습니다.
2024-09-19 14:45:15,437 [INFO] Card_Type을 선택했습니다.
2024-09-19 14:45:15,475 [INFO] Card_Number를 입력했습니다.
2024-09-19 14:45:15,476 [INFO] 폼을 제출합니다.
2024-09-19 14:45:15,512 [INFO] 예매하기 버튼을 클릭했습니다.
2024-09-19 14:45:15,512 [INFO] 폼을 작성합니다.
2024-09-19 14:45:15,540 [INFO] User_ID를 입력했습니다.
2024-09-19 14:45:15,572 [INFO] Password를 입력했습니다.
2024-09-19 14:45:15,613 [INFO] Transaction_Quantity를 입력했습니다.
2024-09-19 14:45:15,639 [INFO] Age를 입력했습니다.
2024-09-19 14:45:15,654 [INFO] Payment_Method를 선택했습니다.
2024-09-19 14:45:15,670 [INFO] Card_Type을 선택했습니다.
2024-09-19 14:45:15,699 [INFO] Card_Number를 입력했습니다.
2024-09-19 14:45:15,699 [INFO] 폼을 제출합니다.
2024-09-19 14:45:15,728 [INFO] 예매하기 버튼을 클릭했습니다.
2024-09-19 14:45:15,728 [INFO] 폼을 작성합니다.
2024-09-19 14:45:15,757 [INFO] User_ID를 입력했습니다.
2024-09-19 14:45:15,790 [INFO] Password를 입력했습니다.
2024-09-19 14:45:15,832 [INFO] Transaction_Quantity를 입력했습니다.
2024-09-19 14:45:15,860 [INFO] Age를 입력했습니다.
2024-09-19 14:45:15,874 [INFO] Payment_Method를 선택했습니다.
2024-09-19 14:45:15,894 [INFO] Card_Type을 선택했습니다.
2024-09-19 14:45:15,928 [INFO] Card_Number를 입력했습니다.
2024-09-19 14:45:15,928 [INFO] 폼을 제출합니다.
2024-09-19 14:45:15,962 [INFO] 예매하기 버튼을 클릭했습니다.
2024-09-19 14:45:15,963 [INFO] 폼을 작성합니다.
2024-09-19 14:45:16,002 [INFO] User_ID를 입력했습니다.
2024-09-19 14:45:16,037 [INFO] Password를 입력했습니다.
2024-09-19 14:45:16,089 [INFO] Transaction_Quantity를 입력했습니다.
2024-09-19 14:45:16,121 [INFO] Age를 입력했습니다.
2024-09-19 14:45:16,138 [INFO] Payment_Method를 선택했습니다.
2024-09-19 14:45:16,153 [INFO] Card_Type을 선택했습니다.
2024-09-19 14:45:16,183 [INFO] Card_Number를 입력했습니다.
2024-09-19 14:45:16,183 [INFO] 폼을 제출합니다.
2024-09-19 14:45:16,217 [INFO] 예매하기 버튼을 클릭했습니다.
2024-09-19 14:45:16,217 [INFO] 폼을 작성합니다.
2024-09-19 14:45:16,251 [INFO] User_ID를 입력했습니다.
2024-09-19 14:45:16,291 [INFO] Password를 입력했습니다.
2024-09-19 14:45:16,334 [INFO] Transaction_Quantity를 입력했습니다.
2024-09-19 14:45:16,366 [INFO] Age를 입력했습니다.
2024-09-19 14:45:16,385 [INFO] Payment_Method를 선택했습니다.
2024-09-19 14:45:16,404 [INFO] Card_Type을 선택했습니다.
2024-09-19 14:45:16,433 [INFO] Card_Number를 입력했습니다.
2024-09-19 14:45:16,434 [INFO] 폼을 제출합니다.
2024-09-19 14:45:16,460 [INFO] 예매하기 버튼을 클릭했습니다.
2024-09-19 14:45:16,461 [INFO] 드라이버를 종료합니다.
2024-09-19 14:46:20,680 [INFO] 자동화 프로세스를 초기화합니다.
2024-09-19 14:46:21,808 [INFO] 페이지를 엽니다: http://localhost:3000/main
2024-09-19 14:46:22,485 [INFO] 페이지 로딩이 완료되었습니다.
2024-09-19 14:46:22,485 [INFO] 예매하기 버튼을 클릭합니다.
2024-09-19 14:46:22,537 [INFO] 예매하기 버튼을 클릭했습니다.
2024-09-19 14:46:22,537 [INFO] 폼을 작성합니다.
2024-09-19 14:46:22,582 [INFO] User_ID를 입력했습니다.
2024-09-19 14:46:22,624 [INFO] Password를 입력했습니다.
2024-09-19 14:46:22,673 [INFO] Transaction_Quantity를 입력했습니다.
2024-09-19 14:46:22,701 [INFO] Age를 입력했습니다.
2024-09-19 14:46:22,744 [INFO] Payment_Method를 선택했습니다.
2024-09-19 14:46:22,774 [INFO] Card_Type을 선택했습니다.
2024-09-19 14:46:22,816 [INFO] Card_Number를 입력했습니다.
2024-09-19 14:46:22,816 [INFO] 폼을 제출합니다.
2024-09-19 14:46:22,853 [INFO] 예매하기 버튼을 클릭했습니다.
2024-09-19 14:46:22,853 [INFO] 폼을 작성합니다.
2024-09-19 14:46:22,884 [INFO] User_ID를 입력했습니다.
2024-09-19 14:46:22,919 [INFO] Password를 입력했습니다.
2024-09-19 14:46:22,962 [INFO] Transaction_Quantity를 입력했습니다.
2024-09-19 14:46:22,991 [INFO] Age를 입력했습니다.
2024-09-19 14:46:23,006 [INFO] Payment_Method를 선택했습니다.
2024-09-19 14:46:23,019 [INFO] Card_Type을 선택했습니다.
2024-09-19 14:46:23,048 [INFO] Card_Number를 입력했습니다.
2024-09-19 14:46:23,048 [INFO] 폼을 제출합니다.
2024-09-19 14:46:23,076 [INFO] 예매하기 버튼을 클릭했습니다.
2024-09-19 14:46:23,076 [INFO] 폼을 작성합니다.
2024-09-19 14:46:23,108 [INFO] User_ID를 입력했습니다.
2024-09-19 14:46:23,142 [INFO] Password를 입력했습니다.
2024-09-19 14:46:23,183 [INFO] Transaction_Quantity를 입력했습니다.
2024-09-19 14:46:23,211 [INFO] Age를 입력했습니다.
2024-09-19 14:46:23,228 [INFO] Payment_Method를 선택했습니다.
2024-09-19 14:46:23,248 [INFO] Card_Type을 선택했습니다.
2024-09-19 14:46:23,291 [INFO] Card_Number를 입력했습니다.
2024-09-19 14:46:23,291 [INFO] 폼을 제출합니다.
2024-09-19 14:46:23,325 [INFO] 예매하기 버튼을 클릭했습니다.
2024-09-19 14:46:23,325 [INFO] 폼을 작성합니다.
2024-09-19 14:46:23,356 [INFO] User_ID를 입력했습니다.
2024-09-19 14:46:23,395 [INFO] Password를 입력했습니다.
2024-09-19 14:46:23,444 [INFO] Transaction_Quantity를 입력했습니다.
2024-09-19 14:46:23,478 [INFO] Age를 입력했습니다.
2024-09-19 14:46:23,493 [INFO] Payment_Method를 선택했습니다.
2024-09-19 14:46:23,510 [INFO] Card_Type을 선택했습니다.
2024-09-19 14:46:23,544 [INFO] Card_Number를 입력했습니다.
2024-09-19 14:46:23,545 [INFO] 폼을 제출합니다.
2024-09-19 14:46:23,576 [INFO] 예매하기 버튼을 클릭했습니다.
2024-09-19 14:46:23,576 [INFO] 폼을 작성합니다.
2024-09-19 14:46:23,611 [INFO] User_ID를 입력했습니다.
2024-09-19 14:46:23,643 [INFO] Password를 입력했습니다.
2024-09-19 14:46:23,691 [INFO] Transaction_Quantity를 입력했습니다.
2024-09-19 14:46:23,720 [INFO] Age를 입력했습니다.
2024-09-19 14:46:23,741 [INFO] Payment_Method를 선택했습니다.
2024-09-19 14:46:23,759 [INFO] Card_Type을 선택했습니다.
2024-09-19 14:46:23,784 [INFO] Card_Number를 입력했습니다.
2024-09-19 14:46:23,784 [INFO] 폼을 제출합니다.
2024-09-19 14:46:23,811 [INFO] 예매하기 버튼을 클릭했습니다.
2024-09-19 14:46:23,811 [INFO] 드라이버를 종료합니다.
2024-09-19 14:46:55,234 [INFO] 자동화 프로세스를 초기화합니다.
2024-09-19 14:46:56,381 [INFO] 페이지를 엽니다: http://localhost:3000/main
2024-09-19 14:46:57,062 [INFO] 페이지 로딩이 완료되었습니다.
2024-09-19 14:46:57,063 [INFO] 예매하기 버튼을 클릭합니다.
2024-09-19 14:46:57,136 [INFO] 예매하기 버튼을 클릭했습니다.
2024-09-19 14:46:57,136 [INFO] 폼을 작성합니다.
2024-09-19 14:46:57,268 [INFO] User_ID를 입력했습니다.
2024-09-19 14:46:57,335 [INFO] Password를 입력했습니다.
2024-09-19 14:46:57,394 [INFO] Transaction_Quantity를 입력했습니다.
2024-09-19 14:46:57,423 [INFO] Age를 입력했습니다.
2024-09-19 14:46:57,469 [INFO] Payment_Method를 선택했습니다.
2024-09-19 14:46:57,523 [INFO] Card_Type을 선택했습니다.
2024-09-19 14:46:57,584 [INFO] Card_Number를 입력했습니다.
2024-09-19 14:46:57,584 [INFO] 폼을 제출합니다.
2024-09-19 14:46:57,626 [INFO] 예매하기 버튼을 클릭했습니다.
2024-09-19 14:46:57,627 [INFO] 폼을 작성합니다.
2024-09-19 14:46:57,662 [INFO] User_ID를 입력했습니다.
2024-09-19 14:46:57,698 [INFO] Password를 입력했습니다.
2024-09-19 14:46:57,743 [INFO] Transaction_Quantity를 입력했습니다.
2024-09-19 14:46:57,769 [INFO] Age를 입력했습니다.
2024-09-19 14:46:57,786 [INFO] Payment_Method를 선택했습니다.
2024-09-19 14:46:57,802 [INFO] Card_Type을 선택했습니다.
2024-09-19 14:46:57,833 [INFO] Card_Number를 입력했습니다.
2024-09-19 14:46:57,833 [INFO] 폼을 제출합니다.
2024-09-19 14:46:57,863 [INFO] 예매하기 버튼을 클릭했습니다.
2024-09-19 14:46:57,865 [INFO] 폼을 작성합니다.
2024-09-19 14:46:57,896 [INFO] User_ID를 입력했습니다.
2024-09-19 14:46:57,931 [INFO] Password를 입력했습니다.
2024-09-19 14:46:57,976 [INFO] Transaction_Quantity를 입력했습니다.
2024-09-19 14:46:58,002 [INFO] Age를 입력했습니다.
2024-09-19 14:46:58,024 [INFO] Payment_Method를 선택했습니다.
2024-09-19 14:46:58,045 [INFO] Card_Type을 선택했습니다.
2024-09-19 14:46:58,086 [INFO] Card_Number를 입력했습니다.
2024-09-19 14:46:58,087 [INFO] 폼을 제출합니다.
2024-09-19 14:46:58,129 [INFO] 예매하기 버튼을 클릭했습니다.
2024-09-19 14:46:58,129 [INFO] 폼을 작성합니다.
2024-09-19 14:46:58,168 [INFO] User_ID를 입력했습니다.
2024-09-19 14:46:58,214 [INFO] Password를 입력했습니다.
2024-09-19 14:46:58,270 [INFO] Transaction_Quantity를 입력했습니다.
2024-09-19 14:46:58,299 [INFO] Age를 입력했습니다.
2024-09-19 14:46:58,318 [INFO] Payment_Method를 선택했습니다.
2024-09-19 14:46:58,342 [INFO] Card_Type을 선택했습니다.
2024-09-19 14:46:58,379 [INFO] Card_Number를 입력했습니다.
2024-09-19 14:46:58,379 [INFO] 폼을 제출합니다.
2024-09-19 14:46:58,413 [INFO] 예매하기 버튼을 클릭했습니다.
2024-09-19 14:46:58,413 [INFO] 폼을 작성합니다.
2024-09-19 14:46:58,445 [INFO] User_ID를 입력했습니다.
2024-09-19 14:46:58,481 [INFO] Password를 입력했습니다.
2024-09-19 14:46:58,530 [INFO] Transaction_Quantity를 입력했습니다.
2024-09-19 14:46:58,560 [INFO] Age를 입력했습니다.
2024-09-19 14:46:58,577 [INFO] Payment_Method를 선택했습니다.
2024-09-19 14:46:58,593 [INFO] Card_Type을 선택했습니다.
2024-09-19 14:46:58,617 [INFO] Card_Number를 입력했습니다.
2024-09-19 14:46:58,617 [INFO] 폼을 제출합니다.
2024-09-19 14:46:58,644 [INFO] 예매하기 버튼을 클릭했습니다.
2024-09-19 14:46:58,644 [INFO] 드라이버를 종료합니다.
2024-09-19 14:52:44,491 [INFO] 자동화 프로세스를 초기화합니다.
2024-09-19 14:52:45,734 [INFO] 페이지를 엽니다: http://localhost:3000/main
2024-09-19 14:52:46,432 [INFO] 페이지 로딩이 완료되었습니다.
2024-09-19 14:52:46,433 [INFO] 예매하기 버튼을 클릭합니다.
2024-09-19 14:52:46,487 [INFO] 예매하기 버튼을 클릭했습니다.
2024-09-19 14:52:46,487 [INFO] 폼을 작성합니다.
2024-09-19 14:52:46,537 [INFO] User_ID를 입력했습니다.
2024-09-19 14:52:46,580 [INFO] Password를 입력했습니다.
2024-09-19 14:52:46,633 [INFO] Transaction_Quantity를 입력했습니다.
2024-09-19 14:52:46,667 [INFO] Age를 입력했습니다.
2024-09-19 14:52:46,726 [INFO] Payment_Method를 선택했습니다.
2024-09-19 14:52:46,760 [INFO] Card_Type을 선택했습니다.
2024-09-19 14:52:46,804 [INFO] Card_Number를 입력했습니다.
2024-09-19 14:52:46,805 [INFO] 폼을 제출합니다.
2024-09-19 14:52:46,846 [INFO] 예매하기 버튼을 클릭했습니다.
2024-09-19 14:52:46,846 [INFO] 폼을 작성합니다.
2024-09-19 14:52:46,881 [INFO] User_ID를 입력했습니다.
2024-09-19 14:52:46,918 [INFO] Password를 입력했습니다.
2024-09-19 14:52:46,966 [INFO] Transaction_Quantity를 입력했습니다.
2024-09-19 14:52:46,999 [INFO] Age를 입력했습니다.
2024-09-19 14:52:47,015 [INFO] Payment_Method를 선택했습니다.
2024-09-19 14:52:47,032 [INFO] Card_Type을 선택했습니다.
2024-09-19 14:52:47,065 [INFO] Card_Number를 입력했습니다.
2024-09-19 14:52:47,066 [INFO] 폼을 제출합니다.
2024-09-19 14:52:47,097 [INFO] 예매하기 버튼을 클릭했습니다.
2024-09-19 14:52:47,097 [INFO] 폼을 작성합니다.
2024-09-19 14:52:47,132 [INFO] User_ID를 입력했습니다.
2024-09-19 14:52:47,171 [INFO] Password를 입력했습니다.
2024-09-19 14:52:47,222 [INFO] Transaction_Quantity를 입력했습니다.
2024-09-19 14:52:47,257 [INFO] Age를 입력했습니다.
2024-09-19 14:52:47,282 [INFO] Payment_Method를 선택했습니다.
2024-09-19 14:52:47,305 [INFO] Card_Type을 선택했습니다.
2024-09-19 14:52:47,345 [INFO] Card_Number를 입력했습니다.
2024-09-19 14:52:47,346 [INFO] 폼을 제출합니다.
2024-09-19 14:52:47,373 [INFO] 예매하기 버튼을 클릭했습니다.
2024-09-19 14:52:47,373 [INFO] 폼을 작성합니다.
2024-09-19 14:52:47,410 [INFO] User_ID를 입력했습니다.
2024-09-19 14:52:47,450 [INFO] Password를 입력했습니다.
2024-09-19 14:52:47,500 [INFO] Transaction_Quantity를 입력했습니다.
2024-09-19 14:52:47,528 [INFO] Age를 입력했습니다.
2024-09-19 14:52:47,547 [INFO] Payment_Method를 선택했습니다.
2024-09-19 14:52:47,568 [INFO] Card_Type을 선택했습니다.
2024-09-19 14:52:47,606 [INFO] Card_Number를 입력했습니다.
2024-09-19 14:52:47,606 [INFO] 폼을 제출합니다.
2024-09-19 14:52:47,639 [INFO] 예매하기 버튼을 클릭했습니다.
2024-09-19 14:52:47,640 [INFO] 폼을 작성합니다.
2024-09-19 14:52:47,670 [INFO] User_ID를 입력했습니다.
2024-09-19 14:52:47,705 [INFO] Password를 입력했습니다.
2024-09-19 14:52:47,754 [INFO] Transaction_Quantity를 입력했습니다.
2024-09-19 14:52:47,786 [INFO] Age를 입력했습니다.
2024-09-19 14:52:47,805 [INFO] Payment_Method를 선택했습니다.
2024-09-19 14:52:47,820 [INFO] Card_Type을 선택했습니다.
2024-09-19 14:52:47,846 [INFO] Card_Number를 입력했습니다.
2024-09-19 14:52:47,847 [INFO] 폼을 제출합니다.
2024-09-19 14:52:47,870 [INFO] 예매하기 버튼을 클릭했습니다.
2024-09-19 14:52:47,871 [INFO] 드라이버를 종료합니다.
2024-09-19 14:53:43,664 [INFO] 자동화 프로세스를 초기화합니다.
2024-09-19 14:53:44,791 [INFO] 페이지를 엽니다: http://localhost:3000/main
2024-09-19 14:53:45,476 [INFO] 페이지 로딩이 완료되었습니다.
2024-09-19 14:53:45,477 [INFO] 예매하기 버튼을 클릭합니다.
2024-09-19 14:53:45,526 [INFO] 예매하기 버튼을 클릭했습니다.
2024-09-19 14:53:45,526 [INFO] 폼을 작성합니다.
2024-09-19 14:53:45,572 [INFO] User_ID를 입력했습니다.
2024-09-19 14:53:45,610 [INFO] Password를 입력했습니다.
2024-09-19 14:53:45,655 [INFO] Transaction_Quantity를 입력했습니다.
2024-09-19 14:53:45,685 [INFO] Age를 입력했습니다.
2024-09-19 14:53:45,728 [INFO] Payment_Method를 선택했습니다.
2024-09-19 14:53:45,760 [INFO] Card_Type을 선택했습니다.
2024-09-19 14:53:45,801 [INFO] Card_Number를 입력했습니다.
2024-09-19 14:53:45,801 [INFO] 폼을 제출합니다.
2024-09-19 14:53:45,837 [INFO] 예매하기 버튼을 클릭했습니다.
2024-09-19 14:53:45,837 [INFO] 폼을 작성합니다.
2024-09-19 14:53:45,864 [INFO] User_ID를 입력했습니다.
2024-09-19 14:53:45,897 [INFO] Password를 입력했습니다.
2024-09-19 14:53:45,940 [INFO] Transaction_Quantity를 입력했습니다.
2024-09-19 14:53:45,966 [INFO] Age를 입력했습니다.
2024-09-19 14:53:45,982 [INFO] Payment_Method를 선택했습니다.
2024-09-19 14:53:45,997 [INFO] Card_Type을 선택했습니다.
2024-09-19 14:53:46,025 [INFO] Card_Number를 입력했습니다.
2024-09-19 14:53:46,025 [INFO] 폼을 제출합니다.
2024-09-19 14:53:46,053 [INFO] 예매하기 버튼을 클릭했습니다.
2024-09-19 14:53:46,053 [INFO] 폼을 작성합니다.
2024-09-19 14:53:46,082 [INFO] User_ID를 입력했습니다.
2024-09-19 14:53:46,116 [INFO] Password를 입력했습니다.
2024-09-19 14:53:46,160 [INFO] Transaction_Quantity를 입력했습니다.
2024-09-19 14:53:46,188 [INFO] Age를 입력했습니다.
2024-09-19 14:53:46,205 [INFO] Payment_Method를 선택했습니다.
2024-09-19 14:53:46,221 [INFO] Card_Type을 선택했습니다.
2024-09-19 14:53:46,256 [INFO] Card_Number를 입력했습니다.
2024-09-19 14:53:46,256 [INFO] 폼을 제출합니다.
2024-09-19 14:53:46,288 [INFO] 예매하기 버튼을 클릭했습니다.
2024-09-19 14:53:46,289 [INFO] 폼을 작성합니다.
2024-09-19 14:53:46,329 [INFO] User_ID를 입력했습니다.
2024-09-19 14:53:46,363 [INFO] Password를 입력했습니다.
2024-09-19 14:53:46,415 [INFO] Transaction_Quantity를 입력했습니다.
2024-09-19 14:53:46,449 [INFO] Age를 입력했습니다.
2024-09-19 14:53:46,467 [INFO] Payment_Method를 선택했습니다.
2024-09-19 14:53:46,486 [INFO] Card_Type을 선택했습니다.
2024-09-19 14:53:46,515 [INFO] Card_Number를 입력했습니다.
2024-09-19 14:53:46,516 [INFO] 폼을 제출합니다.
2024-09-19 14:53:46,549 [INFO] 예매하기 버튼을 클릭했습니다.
2024-09-19 14:53:46,549 [INFO] 폼을 작성합니다.
2024-09-19 14:53:46,588 [INFO] User_ID를 입력했습니다.
2024-09-19 14:53:46,625 [INFO] Password를 입력했습니다.
2024-09-19 14:53:46,665 [INFO] Transaction_Quantity를 입력했습니다.
2024-09-19 14:53:46,696 [INFO] Age를 입력했습니다.
2024-09-19 14:53:46,715 [INFO] Payment_Method를 선택했습니다.
2024-09-19 14:53:46,734 [INFO] Card_Type을 선택했습니다.
2024-09-19 14:53:46,767 [INFO] Card_Number를 입력했습니다.
2024-09-19 14:53:46,767 [INFO] 폼을 제출합니다.
2024-09-19 14:53:46,794 [INFO] 예매하기 버튼을 클릭했습니다.
2024-09-19 14:53:46,795 [INFO] 드라이버를 종료합니다.
2024-09-19 15:12:16,266 [INFO] 자동화 프로세스를 초기화합니다.
2024-09-19 15:13:11,525 [INFO] 자동화 프로세스를 초기화합니다.
2024-09-19 15:14:17,216 [INFO] 자동화 프로세스를 초기화합니다.
2024-09-19 15:15:15,917 [INFO] 자동화 프로세스를 초기화합니다.
2024-09-19 15:15:50,565 [INFO] 자동화 프로세스를 초기화합니다.
2024-09-19 15:17:57,458 [INFO] 자동화 프로세스를 초기화합니다.
2024-09-19 15:17:58,828 [INFO] 페이지를 엽니다: http://localhost:3000/main
2024-09-19 15:17:59,523 [INFO] 페이지 로딩이 완료되었습니다.
2024-09-19 15:17:59,524 [INFO] 예매하기 버튼을 클릭합니다.
2024-09-19 15:17:59,574 [INFO] 예매하기 버튼을 클릭했습니다.
2024-09-19 15:17:59,574 [INFO] 폼을 작성합니다.
2024-09-19 15:17:59,620 [INFO] User_ID를 입력했습니다.
2024-09-19 15:17:59,658 [INFO] Password를 입력했습니다.
2024-09-19 15:17:59,705 [INFO] Transaction_Quantity를 입력했습니다.
2024-09-19 15:17:59,733 [INFO] Age를 입력했습니다.
2024-09-19 15:17:59,778 [INFO] Payment_Method를 선택했습니다.
2024-09-19 15:17:59,807 [INFO] Card_Type을 선택했습니다.
2024-09-19 15:17:59,846 [INFO] Card_Number를 입력했습니다.
2024-09-19 15:17:59,847 [INFO] 폼을 제출합니다.
2024-09-19 15:17:59,881 [INFO] 예매하기 버튼을 클릭했습니다.
2024-09-19 15:17:59,882 [INFO] 폼을 작성합니다.
2024-09-19 15:17:59,910 [INFO] User_ID를 입력했습니다.
2024-09-19 15:17:59,943 [INFO] Password를 입력했습니다.
2024-09-19 15:17:59,984 [INFO] Transaction_Quantity를 입력했습니다.
2024-09-19 15:18:00,009 [INFO] Age를 입력했습니다.
2024-09-19 15:18:00,034 [INFO] Payment_Method를 선택했습니다.
2024-09-19 15:18:00,050 [INFO] Card_Type을 선택했습니다.
2024-09-19 15:18:00,080 [INFO] Card_Number를 입력했습니다.
2024-09-19 15:18:00,080 [INFO] 폼을 제출합니다.
2024-09-19 15:18:00,106 [INFO] 예매하기 버튼을 클릭했습니다.
2024-09-19 15:18:00,107 [INFO] 폼을 작성합니다.
2024-09-19 15:18:00,137 [INFO] User_ID를 입력했습니다.
2024-09-19 15:18:00,170 [INFO] Password를 입력했습니다.
2024-09-19 15:18:00,216 [INFO] Transaction_Quantity를 입력했습니다.
2024-09-19 15:18:00,242 [INFO] Age를 입력했습니다.
2024-09-19 15:18:00,257 [INFO] Payment_Method를 선택했습니다.
2024-09-19 15:18:00,275 [INFO] Card_Type을 선택했습니다.
2024-09-19 15:18:00,310 [INFO] Card_Number를 입력했습니다.
2024-09-19 15:18:00,310 [INFO] 폼을 제출합니다.
2024-09-19 15:18:00,343 [INFO] 예매하기 버튼을 클릭했습니다.
2024-09-19 15:18:00,343 [INFO] 폼을 작성합니다.
2024-09-19 15:18:00,383 [INFO] User_ID를 입력했습니다.
2024-09-19 15:18:00,415 [INFO] Password를 입력했습니다.
2024-09-19 15:18:00,466 [INFO] Transaction_Quantity를 입력했습니다.
2024-09-19 15:18:00,497 [INFO] Age를 입력했습니다.
2024-09-19 15:18:00,516 [INFO] Payment_Method를 선택했습니다.
2024-09-19 15:18:00,535 [INFO] Card_Type을 선택했습니다.
2024-09-19 15:18:00,567 [INFO] Card_Number를 입력했습니다.
2024-09-19 15:18:00,568 [INFO] 폼을 제출합니다.
2024-09-19 15:18:00,598 [INFO] 예매하기 버튼을 클릭했습니다.
2024-09-19 15:18:00,598 [INFO] 폼을 작성합니다.
2024-09-19 15:18:00,634 [INFO] User_ID를 입력했습니다.
2024-09-19 15:18:00,672 [INFO] Password를 입력했습니다.
2024-09-19 15:18:00,716 [INFO] Transaction_Quantity를 입력했습니다.
2024-09-19 15:18:00,750 [INFO] Age를 입력했습니다.
2024-09-19 15:18:00,770 [INFO] Payment_Method를 선택했습니다.
2024-09-19 15:18:00,789 [INFO] Card_Type을 선택했습니다.
2024-09-19 15:18:00,821 [INFO] Card_Number를 입력했습니다.
2024-09-19 15:18:00,821 [INFO] 폼을 제출합니다.
2024-09-19 15:18:00,852 [INFO] 예매하기 버튼을 클릭했습니다.
2024-09-19 15:18:00,853 [INFO] 드라이버를 종료합니다.
2024-09-19 15:21:36,757 [INFO] 자동화 프로세스를 초기화합니다.
2024-09-19 15:27:21,270 [INFO] 자동화 프로세스를 초기화합니다.
2024-09-19 15:27:58,945 [INFO] 자동화 프로세스를 초기화합니다.
2024-09-19 15:29:07,373 [INFO] 자동화 프로세스를 초기화합니다.
2024-09-19 15:29:08,614 [INFO] 페이지를 엽니다: http://localhost:3000/main
2024-09-19 15:29:09,324 [INFO] 페이지 로딩이 완료되었습니다.
2024-09-19 15:29:09,324 [INFO] 예매하기 버튼을 클릭합니다.
2024-09-19 15:29:09,373 [INFO] 예매하기 버튼을 클릭했습니다.
2024-09-19 15:29:09,373 [INFO] 폼을 작성합니다.
2024-09-19 15:29:09,414 [INFO] User_ID를 입력했습니다.
2024-09-19 15:29:09,450 [INFO] Password를 입력했습니다.
2024-09-19 15:29:09,492 [INFO] Transaction_Quantity를 입력했습니다.
2024-09-19 15:29:09,523 [INFO] Age를 입력했습니다.
2024-09-19 15:29:09,568 [INFO] Payment_Method를 선택했습니다.
2024-09-19 15:29:09,612 [INFO] Card_Type을 선택했습니다.
2024-09-19 15:29:09,665 [INFO] Card_Number를 입력했습니다.
2024-09-19 15:29:09,665 [INFO] 폼을 제출합니다.
2024-09-19 15:29:09,707 [INFO] 예매하기 버튼을 클릭했습니다.
2024-09-19 15:29:09,708 [INFO] 폼을 작성합니다.
2024-09-19 15:29:09,735 [INFO] User_ID를 입력했습니다.
2024-09-19 15:29:09,765 [INFO] Password를 입력했습니다.
2024-09-19 15:29:09,797 [INFO] Transaction_Quantity를 입력했습니다.
2024-09-19 15:29:09,819 [INFO] Age를 입력했습니다.
2024-09-19 15:29:09,832 [INFO] Payment_Method를 선택했습니다.
2024-09-19 15:29:09,848 [INFO] Card_Type을 선택했습니다.
2024-09-19 15:29:09,871 [INFO] Card_Number를 입력했습니다.
2024-09-19 15:29:09,871 [INFO] 폼을 제출합니다.
2024-09-19 15:29:09,896 [INFO] 예매하기 버튼을 클릭했습니다.
2024-09-19 15:29:09,896 [INFO] 폼을 작성합니다.
2024-09-19 15:29:09,922 [INFO] User_ID를 입력했습니다.
2024-09-19 15:29:09,954 [INFO] Password를 입력했습니다.
2024-09-19 15:29:09,986 [INFO] Transaction_Quantity를 입력했습니다.
2024-09-19 15:29:10,008 [INFO] Age를 입력했습니다.
2024-09-19 15:29:10,024 [INFO] Payment_Method를 선택했습니다.
2024-09-19 15:29:10,039 [INFO] Card_Type을 선택했습니다.
2024-09-19 15:29:10,067 [INFO] Card_Number를 입력했습니다.
2024-09-19 15:29:10,067 [INFO] 폼을 제출합니다.
2024-09-19 15:29:10,094 [INFO] 예매하기 버튼을 클릭했습니다.
2024-09-19 15:29:10,094 [INFO] 폼을 작성합니다.
2024-09-19 15:29:10,131 [INFO] User_ID를 입력했습니다.
2024-09-19 15:29:10,169 [INFO] Password를 입력했습니다.
2024-09-19 15:29:10,216 [INFO] Transaction_Quantity를 입력했습니다.
2024-09-19 15:29:10,244 [INFO] Age를 입력했습니다.
2024-09-19 15:29:10,260 [INFO] Payment_Method를 선택했습니다.
2024-09-19 15:29:10,278 [INFO] Card_Type을 선택했습니다.
2024-09-19 15:29:10,311 [INFO] Card_Number를 입력했습니다.
2024-09-19 15:29:10,311 [INFO] 폼을 제출합니다.
2024-09-19 15:29:10,344 [INFO] 예매하기 버튼을 클릭했습니다.
2024-09-19 15:29:10,344 [INFO] 폼을 작성합니다.
2024-09-19 15:29:10,380 [INFO] User_ID를 입력했습니다.
2024-09-19 15:29:10,419 [INFO] Password를 입력했습니다.
2024-09-19 15:29:10,464 [INFO] Transaction_Quantity를 입력했습니다.
2024-09-19 15:29:10,494 [INFO] Age를 입력했습니다.
2024-09-19 15:29:10,514 [INFO] Payment_Method를 선택했습니다.
2024-09-19 15:29:10,532 [INFO] Card_Type을 선택했습니다.
2024-09-19 15:29:10,563 [INFO] Card_Number를 입력했습니다.
2024-09-19 15:29:10,563 [INFO] 폼을 제출합니다.
2024-09-19 15:29:10,597 [INFO] 예매하기 버튼을 클릭했습니다.
2024-09-19 15:29:10,598 [INFO] 드라이버를 종료합니다.
2024-09-19 15:30:34,014 [INFO] 자동화 프로세스를 초기화합니다.
2024-09-19 15:32:37,962 [INFO] 자동화 프로세스를 초기화합니다.
2024-09-19 15:35:31,867 [INFO] 자동화 프로세스를 초기화합니다.
2024-09-19 15:35:32,911 [INFO] 페이지를 엽니다: http://localhost:3000/main
2024-09-19 15:35:33,589 [INFO] 페이지 로딩이 완료되었습니다.
2024-09-19 15:35:33,589 [INFO] 예매하기 버튼을 클릭합니다.
2024-09-19 15:35:33,637 [INFO] 예매하기 버튼을 클릭했습니다.
2024-09-19 15:35:33,637 [INFO] 폼을 작성합니다.
2024-09-19 15:35:33,683 [INFO] User_ID를 입력했습니다.
2024-09-19 15:35:33,719 [INFO] Password를 입력했습니다.
2024-09-19 15:35:33,765 [INFO] Transaction_Quantity를 입력했습니다.
2024-09-19 15:35:33,792 [INFO] Age를 입력했습니다.
2024-09-19 15:35:33,833 [INFO] Payment_Method를 선택했습니다.
2024-09-19 15:35:33,863 [INFO] Card_Type을 선택했습니다.
2024-09-19 15:35:33,899 [INFO] Card_Number를 입력했습니다.
2024-09-19 15:35:33,900 [INFO] 폼을 제출합니다.
2024-09-19 15:35:33,935 [INFO] 예매하기 버튼을 클릭했습니다.
2024-09-19 15:35:33,935 [INFO] 드라이버를 종료합니다.
2024-09-19 15:38:52,153 [INFO] 자동화 프로세스를 초기화합니다.
2024-09-19 15:38:53,204 [INFO] 페이지를 엽니다: http://localhost:3000/main
2024-09-19 15:38:53,893 [INFO] 페이지 로딩이 완료되었습니다.
2024-09-19 15:38:53,894 [INFO] 예매하기 버튼을 클릭합니다.
2024-09-19 15:38:53,945 [INFO] 예매하기 버튼을 클릭했습니다.
2024-09-19 15:38:53,945 [INFO] 폼을 작성합니다.
2024-09-19 15:38:53,994 [INFO] User_ID를 입력했습니다.
2024-09-19 15:38:54,045 [INFO] Password를 입력했습니다.
2024-09-19 15:38:54,099 [INFO] Transaction_Quantity를 입력했습니다.
2024-09-19 15:38:54,130 [INFO] Age를 입력했습니다.
2024-09-19 15:38:54,174 [INFO] Payment_Method를 선택했습니다.
2024-09-19 15:38:54,216 [INFO] Card_Type을 선택했습니다.
2024-09-19 15:38:54,261 [INFO] Card_Number를 입력했습니다.
2024-09-19 15:38:54,261 [INFO] 폼을 제출합니다.
2024-09-19 15:38:54,303 [INFO] 예매하기 버튼을 클릭했습니다.
2024-09-19 15:38:54,303 [INFO] 폼을 작성합니다.
2024-09-19 15:38:54,337 [INFO] User_ID를 입력했습니다.
2024-09-19 15:38:54,374 [INFO] Password를 입력했습니다.
2024-09-19 15:38:54,423 [INFO] Transaction_Quantity를 입력했습니다.
2024-09-19 15:38:54,452 [INFO] Age를 입력했습니다.
2024-09-19 15:38:54,468 [INFO] Payment_Method를 선택했습니다.
2024-09-19 15:38:54,485 [INFO] Card_Type을 선택했습니다.
2024-09-19 15:38:54,513 [INFO] Card_Number를 입력했습니다.
2024-09-19 15:38:54,513 [INFO] 폼을 제출합니다.
2024-09-19 15:38:54,542 [INFO] 예매하기 버튼을 클릭했습니다.
2024-09-19 15:38:54,542 [INFO] 폼을 작성합니다.
2024-09-19 15:38:54,574 [INFO] User_ID를 입력했습니다.
2024-09-19 15:38:54,613 [INFO] Password를 입력했습니다.
2024-09-19 15:38:54,670 [INFO] Transaction_Quantity를 입력했습니다.
2024-09-19 15:38:54,710 [INFO] Age를 입력했습니다.
2024-09-19 15:38:54,737 [INFO] Payment_Method를 선택했습니다.
2024-09-19 15:38:54,761 [INFO] Card_Type을 선택했습니다.
2024-09-19 15:38:54,800 [INFO] Card_Number를 입력했습니다.
2024-09-19 15:38:54,800 [INFO] 폼을 제출합니다.
2024-09-19 15:38:54,834 [INFO] 예매하기 버튼을 클릭했습니다.
2024-09-19 15:38:54,834 [INFO] 폼을 작성합니다.
2024-09-19 15:38:54,878 [INFO] User_ID를 입력했습니다.
2024-09-19 15:38:54,924 [INFO] Password를 입력했습니다.
2024-09-19 15:38:54,970 [INFO] Transaction_Quantity를 입력했습니다.
2024-09-19 15:38:54,997 [INFO] Age를 입력했습니다.
2024-09-19 15:38:55,018 [INFO] Payment_Method를 선택했습니다.
2024-09-19 15:38:55,040 [INFO] Card_Type을 선택했습니다.
2024-09-19 15:38:55,074 [INFO] Card_Number를 입력했습니다.
2024-09-19 15:38:55,075 [INFO] 폼을 제출합니다.
2024-09-19 15:38:55,103 [INFO] 예매하기 버튼을 클릭했습니다.
2024-09-19 15:38:55,104 [INFO] 폼을 작성합니다.
2024-09-19 15:38:55,132 [INFO] User_ID를 입력했습니다.
2024-09-19 15:38:55,169 [INFO] Password를 입력했습니다.
2024-09-19 15:38:55,217 [INFO] Transaction_Quantity를 입력했습니다.
2024-09-19 15:38:55,246 [INFO] Age를 입력했습니다.
2024-09-19 15:38:55,264 [INFO] Payment_Method를 선택했습니다.
2024-09-19 15:38:55,281 [INFO] Card_Type을 선택했습니다.
2024-09-19 15:38:55,319 [INFO] Card_Number를 입력했습니다.
2024-09-19 15:38:55,320 [INFO] 폼을 제출합니다.
2024-09-19 15:38:55,343 [INFO] 예매하기 버튼을 클릭했습니다.
2024-09-19 15:49:37,994 [INFO] 자동화 프로세스를 초기화합니다.
2024-09-19 15:49:39,109 [INFO] 페이지를 엽니다: http://localhost:3000/main
2024-09-19 15:49:39,791 [INFO] 페이지 로딩이 완료되었습니다.
2024-09-19 15:49:39,791 [INFO] 예매하기 버튼을 클릭합니다.
2024-09-19 15:49:39,842 [INFO] 예매하기 버튼을 클릭했습니다.
2024-09-19 15:49:39,843 [INFO] 폼을 작성합니다.
2024-09-19 15:49:39,894 [INFO] User_ID를 입력했습니다.
2024-09-19 15:49:39,931 [INFO] Password를 입력했습니다.
2024-09-19 15:49:39,978 [INFO] Transaction_Quantity를 입력했습니다.
2024-09-19 15:49:40,009 [INFO] Age를 입력했습니다.
2024-09-19 15:49:40,053 [INFO] Payment_Method를 선택했습니다.
2024-09-19 15:49:40,084 [INFO] Card_Type을 선택했습니다.
2024-09-19 15:49:40,124 [INFO] Card_Number를 입력했습니다.
2024-09-19 15:49:40,124 [INFO] 폼을 제출합니다.
2024-09-19 15:49:40,159 [INFO] 예매하기 버튼을 클릭했습니다.
2024-09-19 15:49:40,160 [INFO] 폼을 작성합니다.
2024-09-19 15:49:40,189 [INFO] User_ID를 입력했습니다.
2024-09-19 15:49:40,222 [INFO] Password를 입력했습니다.
2024-09-19 15:49:40,261 [INFO] Transaction_Quantity를 입력했습니다.
2024-09-19 15:49:40,288 [INFO] Age를 입력했습니다.
2024-09-19 15:49:40,303 [INFO] Payment_Method를 선택했습니다.
2024-09-19 15:49:40,317 [INFO] Card_Type을 선택했습니다.
2024-09-19 15:49:40,345 [INFO] Card_Number를 입력했습니다.
2024-09-19 15:49:40,346 [INFO] 폼을 제출합니다.
2024-09-19 15:49:40,377 [INFO] 예매하기 버튼을 클릭했습니다.
2024-09-19 15:49:40,377 [INFO] 폼을 작성합니다.
2024-09-19 15:49:40,414 [INFO] User_ID를 입력했습니다.
2024-09-19 15:49:40,450 [INFO] Password를 입력했습니다.
2024-09-19 15:49:40,502 [INFO] Transaction_Quantity를 입력했습니다.
2024-09-19 15:49:40,533 [INFO] Age를 입력했습니다.
2024-09-19 15:49:40,556 [INFO] Payment_Method를 선택했습니다.
2024-09-19 15:49:40,576 [INFO] Card_Type을 선택했습니다.
2024-09-19 15:49:40,612 [INFO] Card_Number를 입력했습니다.
2024-09-19 15:49:40,612 [INFO] 폼을 제출합니다.
2024-09-19 15:49:40,647 [INFO] 예매하기 버튼을 클릭했습니다.
2024-09-19 15:49:40,647 [INFO] 폼을 작성합니다.
2024-09-19 15:49:40,677 [INFO] User_ID를 입력했습니다.
2024-09-19 15:49:40,716 [INFO] Password를 입력했습니다.
2024-09-19 15:49:40,764 [INFO] Transaction_Quantity를 입력했습니다.
2024-09-19 15:49:40,796 [INFO] Age를 입력했습니다.
2024-09-19 15:49:40,813 [INFO] Payment_Method를 선택했습니다.
2024-09-19 15:49:40,827 [INFO] Card_Type을 선택했습니다.
2024-09-19 15:49:40,861 [INFO] Card_Number를 입력했습니다.
2024-09-19 15:49:40,861 [INFO] 폼을 제출합니다.
2024-09-19 15:49:40,894 [INFO] 예매하기 버튼을 클릭했습니다.
2024-09-19 15:49:40,894 [INFO] 폼을 작성합니다.
2024-09-19 15:49:40,929 [INFO] User_ID를 입력했습니다.
2024-09-19 15:49:40,963 [INFO] Password를 입력했습니다.
2024-09-19 15:49:41,009 [INFO] Transaction_Quantity를 입력했습니다.
2024-09-19 15:49:41,042 [INFO] Age를 입력했습니다.
2024-09-19 15:49:41,060 [INFO] Payment_Method를 선택했습니다.
2024-09-19 15:49:41,078 [INFO] Card_Type을 선택했습니다.
2024-09-19 15:49:41,105 [INFO] Card_Number를 입력했습니다.
2024-09-19 15:49:41,105 [INFO] 폼을 제출합니다.
2024-09-19 15:49:41,128 [INFO] 예매하기 버튼을 클릭했습니다.
2024-09-19 15:51:48,532 [INFO] 자동화 프로세스를 초기화합니다.
2024-09-19 15:51:49,591 [INFO] 페이지를 엽니다: http://localhost:3000/main
2024-09-19 15:51:50,347 [INFO] 페이지 로딩이 완료되었습니다.
2024-09-19 15:51:50,348 [INFO] 예매하기 버튼을 클릭합니다.
2024-09-19 15:51:50,398 [INFO] 예매하기 버튼을 클릭했습니다.
2024-09-19 15:51:50,399 [INFO] 폼을 작성합니다.
2024-09-19 15:51:50,445 [INFO] User_ID를 입력했습니다.
2024-09-19 15:51:50,483 [INFO] Password를 입력했습니다.
2024-09-19 15:51:50,530 [INFO] Transaction_Quantity를 입력했습니다.
2024-09-19 15:51:50,558 [INFO] Age를 입력했습니다.
2024-09-19 15:51:50,597 [INFO] Payment_Method를 선택했습니다.
2024-09-19 15:51:50,626 [INFO] Card_Type을 선택했습니다.
2024-09-19 15:51:50,665 [INFO] Card_Number를 입력했습니다.
2024-09-19 15:51:50,666 [INFO] 폼을 제출합니다.
2024-09-19 15:51:50,700 [INFO] 예매하기 버튼을 클릭했습니다.
2024-09-19 15:51:50,700 [INFO] 폼을 작성합니다.
2024-09-19 15:51:50,731 [INFO] User_ID를 입력했습니다.
2024-09-19 15:51:50,766 [INFO] Password를 입력했습니다.
2024-09-19 15:51:50,807 [INFO] Transaction_Quantity를 입력했습니다.
2024-09-19 15:51:50,835 [INFO] Age를 입력했습니다.
2024-09-19 15:51:50,852 [INFO] Payment_Method를 선택했습니다.
2024-09-19 15:51:50,868 [INFO] Card_Type을 선택했습니다.
2024-09-19 15:51:50,897 [INFO] Card_Number를 입력했습니다.
2024-09-19 15:51:50,898 [INFO] 폼을 제출합니다.
2024-09-19 15:51:50,925 [INFO] 예매하기 버튼을 클릭했습니다.
2024-09-19 15:51:50,925 [INFO] 폼을 작성합니다.
2024-09-19 15:51:50,955 [INFO] User_ID를 입력했습니다.
2024-09-19 15:51:50,990 [INFO] Password를 입력했습니다.
2024-09-19 15:51:51,042 [INFO] Transaction_Quantity를 입력했습니다.
2024-09-19 15:51:51,071 [INFO] Age를 입력했습니다.
2024-09-19 15:51:51,090 [INFO] Payment_Method를 선택했습니다.
2024-09-19 15:51:51,114 [INFO] Card_Type을 선택했습니다.
2024-09-19 15:51:51,152 [INFO] Card_Number를 입력했습니다.
2024-09-19 15:51:51,153 [INFO] 폼을 제출합니다.
2024-09-19 15:51:51,186 [INFO] 예매하기 버튼을 클릭했습니다.
2024-09-19 15:51:51,187 [INFO] 폼을 작성합니다.
2024-09-19 15:51:51,226 [INFO] User_ID를 입력했습니다.
2024-09-19 15:51:51,264 [INFO] Password를 입력했습니다.
2024-09-19 15:51:51,313 [INFO] Transaction_Quantity를 입력했습니다.
2024-09-19 15:51:51,341 [INFO] Age를 입력했습니다.
2024-09-19 15:51:51,360 [INFO] Payment_Method를 선택했습니다.
2024-09-19 15:51:51,374 [INFO] Card_Type을 선택했습니다.
2024-09-19 15:51:51,407 [INFO] Card_Number를 입력했습니다.
2024-09-19 15:51:51,407 [INFO] 폼을 제출합니다.
2024-09-19 15:51:51,441 [INFO] 예매하기 버튼을 클릭했습니다.
2024-09-19 15:51:51,442 [INFO] 폼을 작성합니다.
2024-09-19 15:51:51,480 [INFO] User_ID를 입력했습니다.
2024-09-19 15:51:51,514 [INFO] Password를 입력했습니다.
2024-09-19 15:51:51,556 [INFO] Transaction_Quantity를 입력했습니다.
2024-09-19 15:51:51,587 [INFO] Age를 입력했습니다.
2024-09-19 15:51:51,609 [INFO] Payment_Method를 선택했습니다.
2024-09-19 15:51:51,631 [INFO] Card_Type을 선택했습니다.
2024-09-19 15:51:51,666 [INFO] Card_Number를 입력했습니다.
2024-09-19 15:51:51,667 [INFO] 폼을 제출합니다.
2024-09-19 15:51:51,696 [INFO] 예매하기 버튼을 클릭했습니다.
2024-09-19 15:55:43,086 [INFO] Initializing the automation process.
2024-09-19 15:55:44,085 [INFO] Opening the page: http://localhost:3000/main
2024-09-19 15:55:44,788 [INFO] Page has loaded successfully.
2024-09-19 15:55:44,788 [INFO] Clicking the booking button.
2024-09-19 15:55:44,837 [INFO] Successfully clicked the booking button.
2024-09-19 15:55:44,837 [INFO] Filling out the form.
2024-09-19 15:55:44,884 [INFO] Entered User_ID.
2024-09-19 15:55:44,922 [INFO] Entered Password.
2024-09-19 15:55:44,969 [INFO] Entered Transaction_Quantity.
2024-09-19 15:55:44,998 [INFO] Entered Age.
2024-09-19 15:55:45,050 [INFO] Selected Payment_Method.
2024-09-19 15:55:45,081 [INFO] Selected Card_Type.
2024-09-19 15:55:45,121 [INFO] Entered Card_Number.
2024-09-19 15:55:45,121 [INFO] Submitting the form.
2024-09-19 15:55:45,156 [INFO] Successfully clicked the submit button.
2024-09-19 15:55:45,156 [INFO] Filling out the form.
2024-09-19 15:55:45,191 [INFO] Entered User_ID.
2024-09-19 15:55:45,226 [INFO] Entered Password.
2024-09-19 15:55:45,267 [INFO] Entered Transaction_Quantity.
2024-09-19 15:55:45,291 [INFO] Entered Age.
2024-09-19 15:55:45,307 [INFO] Selected Payment_Method.
2024-09-19 15:55:45,322 [INFO] Selected Card_Type.
2024-09-19 15:55:45,351 [INFO] Entered Card_Number.
2024-09-19 15:55:45,351 [INFO] Submitting the form.
2024-09-19 15:55:45,376 [INFO] Successfully clicked the submit button.
2024-09-19 15:55:45,377 [INFO] Filling out the form.
2024-09-19 15:55:45,408 [INFO] Entered User_ID.
2024-09-19 15:55:45,444 [INFO] Entered Password.
2024-09-19 15:55:45,489 [INFO] Entered Transaction_Quantity.
2024-09-19 15:55:45,517 [INFO] Entered Age.
2024-09-19 15:55:45,531 [INFO] Selected Payment_Method.
2024-09-19 15:55:45,550 [INFO] Selected Card_Type.
2024-09-19 15:55:45,585 [INFO] Entered Card_Number.
2024-09-19 15:55:45,585 [INFO] Submitting the form.
2024-09-19 15:55:45,620 [INFO] Successfully clicked the submit button.
2024-09-19 15:55:45,621 [INFO] Filling out the form.
2024-09-19 15:55:45,659 [INFO] Entered User_ID.
2024-09-19 15:55:45,696 [INFO] Entered Password.
2024-09-19 15:55:45,745 [INFO] Entered Transaction_Quantity.
2024-09-19 15:55:45,780 [INFO] Entered Age.
2024-09-19 15:55:45,799 [INFO] Selected Payment_Method.
2024-09-19 15:55:45,813 [INFO] Selected Card_Type.
2024-09-19 15:55:45,843 [INFO] Entered Card_Number.
2024-09-19 15:55:45,843 [INFO] Submitting the form.
2024-09-19 15:55:45,876 [INFO] Successfully clicked the submit button.
2024-09-19 15:55:45,876 [INFO] Filling out the form.
2024-09-19 15:55:45,912 [INFO] Entered User_ID.
2024-09-19 15:55:45,950 [INFO] Entered Password.
2024-09-19 15:55:45,994 [INFO] Entered Transaction_Quantity.
2024-09-19 15:55:46,024 [INFO] Entered Age.
2024-09-19 15:55:46,045 [INFO] Selected Payment_Method.
2024-09-19 15:55:46,063 [INFO] Selected Card_Type.
2024-09-19 15:55:46,095 [INFO] Entered Card_Number.
2024-09-19 15:55:46,095 [INFO] Submitting the form.
2024-09-19 15:55:46,119 [INFO] Successfully clicked the submit button.
2024-09-19 16:09:53,943 [INFO] Initializing the automation process.
2024-09-19 16:09:54,947 [INFO] Opening the page: http://localhost:3000/main
2024-09-19 16:09:55,629 [INFO] Page has loaded successfully.
2024-09-19 16:09:55,630 [INFO] Clicking the booking button.
2024-09-19 16:09:55,679 [INFO] Successfully clicked the booking button.
2024-09-19 16:09:55,679 [INFO] Filling out the form.
2024-09-19 16:09:55,722 [INFO] Entered User_ID.
2024-09-19 16:09:55,759 [INFO] Entered Password.
2024-09-19 16:09:55,803 [INFO] Entered Transaction_Quantity.
2024-09-19 16:09:55,834 [INFO] Entered Age.
2024-09-19 16:09:55,873 [INFO] Selected Payment_Method.
2024-09-19 16:09:55,903 [INFO] Selected Card_Type.
2024-09-19 16:09:55,940 [INFO] Entered Card_Number.
2024-09-19 16:09:55,940 [INFO] Submitting the form.
2024-09-19 16:09:55,976 [INFO] Successfully clicked the submit button.
2024-09-19 16:09:55,976 [INFO] Filling out the form.
2024-09-19 16:09:56,002 [INFO] Entered User_ID.
2024-09-19 16:09:56,032 [INFO] Entered Password.
2024-09-19 16:09:56,066 [INFO] Entered Transaction_Quantity.
2024-09-19 16:09:56,096 [INFO] Entered Age.
2024-09-19 16:09:56,115 [INFO] Selected Payment_Method.
2024-09-19 16:09:56,132 [INFO] Selected Card_Type.
2024-09-19 16:09:56,158 [INFO] Entered Card_Number.
2024-09-19 16:09:56,159 [INFO] Submitting the form.
2024-09-19 16:09:56,184 [INFO] Successfully clicked the submit button.
2024-09-19 16:09:56,184 [INFO] Filling out the form.
2024-09-19 16:09:56,212 [INFO] Entered User_ID.
2024-09-19 16:09:56,244 [INFO] Entered Password.
2024-09-19 16:09:56,278 [INFO] Entered Transaction_Quantity.
2024-09-19 16:09:56,302 [INFO] Entered Age.
2024-09-19 16:09:56,320 [INFO] Selected Payment_Method.
2024-09-19 16:09:56,336 [INFO] Selected Card_Type.
2024-09-19 16:09:56,365 [INFO] Entered Card_Number.
2024-09-19 16:09:56,365 [INFO] Submitting the form.
2024-09-19 16:09:56,394 [INFO] Successfully clicked the submit button.
2024-09-19 16:09:56,394 [INFO] Filling out the form.
2024-09-19 16:09:56,430 [INFO] Entered User_ID.
2024-09-19 16:09:56,469 [INFO] Entered Password.
2024-09-19 16:09:56,506 [INFO] Entered Transaction_Quantity.
2024-09-19 16:09:56,534 [INFO] Entered Age.
2024-09-19 16:09:56,555 [INFO] Selected Payment_Method.
2024-09-19 16:09:56,574 [INFO] Selected Card_Type.
2024-09-19 16:09:56,604 [INFO] Entered Card_Number.
2024-09-19 16:09:56,605 [INFO] Submitting the form.
2024-09-19 16:09:56,632 [INFO] Successfully clicked the submit button.
2024-09-19 16:09:56,632 [INFO] Filling out the form.
2024-09-19 16:09:56,662 [INFO] Entered User_ID.
2024-09-19 16:09:56,700 [INFO] Entered Password.
2024-09-19 16:09:56,745 [INFO] Entered Transaction_Quantity.
2024-09-19 16:09:56,772 [INFO] Entered Age.
2024-09-19 16:09:56,793 [INFO] Selected Payment_Method.
2024-09-19 16:09:56,811 [INFO] Selected Card_Type.
2024-09-19 16:09:56,838 [INFO] Entered Card_Number.
2024-09-19 16:09:56,839 [INFO] Submitting the form.
2024-09-19 16:09:56,871 [INFO] Successfully clicked the submit button.
2024-09-19 16:11:25,870 [INFO] Initializing the automation process.
2024-09-19 16:11:26,845 [INFO] Opening the page: http://localhost:3000/main
2024-09-19 16:11:27,554 [INFO] Page has loaded successfully.
2024-09-19 16:11:27,554 [INFO] Clicking the booking button.
2024-09-19 16:11:27,601 [INFO] Successfully clicked the booking button.
2024-09-19 16:11:27,601 [INFO] Filling out the form.
2024-09-19 16:11:27,647 [INFO] Entered User_ID.
2024-09-19 16:11:27,684 [INFO] Entered Password.
2024-09-19 16:11:27,729 [INFO] Entered Transaction_Quantity.
2024-09-19 16:11:27,755 [INFO] Entered Age.
2024-09-19 16:11:27,793 [INFO] Selected Payment_Method.
2024-09-19 16:11:27,822 [INFO] Selected Card_Type.
2024-09-19 16:11:27,857 [INFO] Entered Card_Number.
2024-09-19 16:11:27,857 [INFO] Submitting the form.
2024-09-19 16:11:27,894 [INFO] Successfully clicked the submit button.
2024-09-19 16:11:27,894 [INFO] Filling out the form.
2024-09-19 16:11:27,923 [INFO] Entered User_ID.
2024-09-19 16:11:27,956 [INFO] Entered Password.
2024-09-19 16:11:28,006 [INFO] Entered Transaction_Quantity.
2024-09-19 16:11:28,030 [INFO] Entered Age.
2024-09-19 16:11:28,045 [INFO] Selected Payment_Method.
2024-09-19 16:11:28,059 [INFO] Selected Card_Type.
2024-09-19 16:11:28,084 [INFO] Entered Card_Number.
2024-09-19 16:11:28,084 [INFO] Submitting the form.
2024-09-19 16:11:28,109 [INFO] Successfully clicked the submit button.
2024-09-19 16:11:28,109 [INFO] Filling out the form.
2024-09-19 16:11:28,139 [INFO] Entered User_ID.
2024-09-19 16:11:28,170 [INFO] Entered Password.
2024-09-19 16:11:28,204 [INFO] Entered Transaction_Quantity.
2024-09-19 16:11:28,227 [INFO] Entered Age.
2024-09-19 16:11:28,243 [INFO] Selected Payment_Method.
2024-09-19 16:11:28,259 [INFO] Selected Card_Type.
2024-09-19 16:11:28,288 [INFO] Entered Card_Number.
2024-09-19 16:11:28,288 [INFO] Submitting the form.
2024-09-19 16:11:28,318 [INFO] Successfully clicked the submit button.
2024-09-19 16:11:28,319 [INFO] Filling out the form.
2024-09-19 16:11:28,354 [INFO] Entered User_ID.
2024-09-19 16:11:28,388 [INFO] Entered Password.
2024-09-19 16:11:28,424 [INFO] Entered Transaction_Quantity.
2024-09-19 16:11:28,454 [INFO] Entered Age.
2024-09-19 16:11:28,475 [INFO] Selected Payment_Method.
2024-09-19 16:11:28,494 [INFO] Selected Card_Type.
2024-09-19 16:11:28,525 [INFO] Entered Card_Number.
2024-09-19 16:11:28,525 [INFO] Submitting the form.
2024-09-19 16:11:28,551 [INFO] Successfully clicked the submit button.
2024-09-19 16:11:28,551 [INFO] Filling out the form.
2024-09-19 16:11:28,583 [INFO] Entered User_ID.
2024-09-19 16:11:28,621 [INFO] Entered Password.
2024-09-19 16:11:28,665 [INFO] Entered Transaction_Quantity.
2024-09-19 16:11:28,694 [INFO] Entered Age.
2024-09-19 16:11:28,714 [INFO] Selected Payment_Method.
2024-09-19 16:11:28,736 [INFO] Selected Card_Type.
2024-09-19 16:11:28,766 [INFO] Entered Card_Number.
2024-09-19 16:11:28,767 [INFO] Submitting the form.
2024-09-19 16:11:28,796 [INFO] Successfully clicked the submit button.
2024-09-19 16:19:31,367 [INFO] Initializing the automation process.
2024-09-19 16:19:32,367 [INFO] Opening the page: http://localhost:3000/main
2024-09-19 16:19:33,069 [INFO] Page has loaded successfully.
2024-09-19 16:19:33,069 [INFO] Clicking the booking button.
2024-09-19 16:19:33,116 [INFO] Successfully clicked the booking button.
2024-09-19 16:19:33,116 [INFO] Filling out the form.
2024-09-19 16:19:33,155 [INFO] Entered User_ID.
2024-09-19 16:19:33,191 [INFO] Entered Password.
2024-09-19 16:19:33,242 [INFO] Entered Transaction_Quantity.
2024-09-19 16:19:33,267 [INFO] Entered Age.
2024-09-19 16:19:33,307 [INFO] Selected Payment_Method.
2024-09-19 16:19:33,338 [INFO] Selected Card_Type.
2024-09-19 16:19:33,374 [INFO] Entered Card_Number.
2024-09-19 16:19:33,374 [INFO] Submitting the form.
2024-09-19 16:19:33,409 [INFO] Successfully clicked the submit button.
2024-09-19 16:19:33,410 [INFO] Filling out the form.
2024-09-19 16:19:33,436 [INFO] Entered User_ID.
2024-09-19 16:19:33,467 [INFO] Entered Password.
2024-09-19 16:19:33,503 [INFO] Entered Transaction_Quantity.
2024-09-19 16:19:33,526 [INFO] Entered Age.
2024-09-19 16:19:33,543 [INFO] Selected Payment_Method.
2024-09-19 16:19:33,558 [INFO] Selected Card_Type.
2024-09-19 16:19:33,582 [INFO] Entered Card_Number.
2024-09-19 16:19:33,582 [INFO] Submitting the form.
2024-09-19 16:19:33,607 [INFO] Successfully clicked the submit button.
2024-09-19 16:19:33,607 [INFO] Filling out the form.
2024-09-19 16:19:33,633 [INFO] Entered User_ID.
2024-09-19 16:19:33,662 [INFO] Entered Password.
2024-09-19 16:19:33,696 [INFO] Entered Transaction_Quantity.
2024-09-19 16:19:33,718 [INFO] Entered Age.
2024-09-19 16:19:33,735 [INFO] Selected Payment_Method.
2024-09-19 16:19:33,751 [INFO] Selected Card_Type.
2024-09-19 16:19:33,776 [INFO] Entered Card_Number.
2024-09-19 16:19:33,776 [INFO] Submitting the form.
2024-09-19 16:19:33,807 [INFO] Successfully clicked the submit button.
2024-09-19 16:19:33,808 [INFO] Filling out the form.
2024-09-19 16:19:33,839 [INFO] Entered User_ID.
2024-09-19 16:19:33,878 [INFO] Entered Password.
2024-09-19 16:19:33,919 [INFO] Entered Transaction_Quantity.
2024-09-19 16:19:33,945 [INFO] Entered Age.
2024-09-19 16:19:33,967 [INFO] Selected Payment_Method.
2024-09-19 16:19:33,987 [INFO] Selected Card_Type.
2024-09-19 16:19:34,018 [INFO] Entered Card_Number.
2024-09-19 16:19:34,019 [INFO] Submitting the form.
2024-09-19 16:19:34,046 [INFO] Successfully clicked the submit button.
2024-09-19 16:19:34,047 [INFO] Filling out the form.
2024-09-19 16:19:34,073 [INFO] Entered User_ID.
2024-09-19 16:19:34,112 [INFO] Entered Password.
2024-09-19 16:19:34,156 [INFO] Entered Transaction_Quantity.
2024-09-19 16:19:34,184 [INFO] Entered Age.
2024-09-19 16:19:34,203 [INFO] Selected Payment_Method.
2024-09-19 16:19:34,223 [INFO] Selected Card_Type.
2024-09-19 16:19:34,255 [INFO] Entered Card_Number.
2024-09-19 16:19:34,255 [INFO] Submitting the form.
2024-09-19 16:19:34,287 [INFO] Successfully clicked the submit button.
2024-09-19 16:21:45,489 [INFO] Initializing the automation process.
2024-09-19 16:21:46,524 [INFO] Opening the page: http://localhost:3000/main
2024-09-19 16:21:47,109 [INFO] Page has loaded successfully.
2024-09-19 16:21:47,109 [INFO] Clicking the booking button.
2024-09-19 16:21:47,153 [INFO] Successfully clicked the booking button.
2024-09-19 16:21:47,153 [INFO] Filling out the form.
2024-09-19 16:21:47,198 [INFO] Entered User_ID.
2024-09-19 16:21:47,231 [INFO] Entered Password.
2024-09-19 16:21:47,273 [INFO] Entered Transaction_Quantity.
2024-09-19 16:21:47,297 [INFO] Entered Age.
2024-09-19 16:21:47,335 [INFO] Selected Payment_Method.
2024-09-19 16:21:47,365 [INFO] Selected Card_Type.
2024-09-19 16:21:47,399 [INFO] Entered Card_Number.
2024-09-19 16:21:47,399 [INFO] Submitting the form.
2024-09-19 16:21:47,435 [INFO] Successfully clicked the submit button.
2024-09-19 16:21:47,435 [INFO] Filling out the form.
2024-09-19 16:21:47,463 [INFO] Entered User_ID.
2024-09-19 16:21:47,493 [INFO] Entered Password.
2024-09-19 16:21:47,525 [INFO] Entered Transaction_Quantity.
2024-09-19 16:21:47,546 [INFO] Entered Age.
2024-09-19 16:21:47,562 [INFO] Selected Payment_Method.
2024-09-19 16:21:47,575 [INFO] Selected Card_Type.
2024-09-19 16:21:47,598 [INFO] Entered Card_Number.
2024-09-19 16:21:47,598 [INFO] Submitting the form.
2024-09-19 16:21:47,623 [INFO] Successfully clicked the submit button.
2024-09-19 16:21:47,623 [INFO] Filling out the form.
2024-09-19 16:21:47,648 [INFO] Entered User_ID.
2024-09-19 16:21:47,678 [INFO] Entered Password.
2024-09-19 16:21:47,710 [INFO] Entered Transaction_Quantity.
2024-09-19 16:21:47,734 [INFO] Entered Age.
2024-09-19 16:21:47,749 [INFO] Selected Payment_Method.
2024-09-19 16:21:47,764 [INFO] Selected Card_Type.
2024-09-19 16:21:47,786 [INFO] Entered Card_Number.
2024-09-19 16:21:47,786 [INFO] Submitting the form.
2024-09-19 16:21:47,811 [INFO] Successfully clicked the submit button.
2024-09-19 16:21:47,811 [INFO] Filling out the form.
2024-09-19 16:21:47,843 [INFO] Entered User_ID.
2024-09-19 16:21:47,878 [INFO] Entered Password.
2024-09-19 16:21:47,915 [INFO] Entered Transaction_Quantity.
2024-09-19 16:21:47,941 [INFO] Entered Age.
2024-09-19 16:21:47,955 [INFO] Selected Payment_Method.
2024-09-19 16:21:47,971 [INFO] Selected Card_Type.
2024-09-19 16:21:47,998 [INFO] Entered Card_Number.
2024-09-19 16:21:47,998 [INFO] Submitting the form.
2024-09-19 16:21:48,030 [INFO] Successfully clicked the submit button.
2024-09-19 16:21:48,030 [INFO] Filling out the form.
2024-09-19 16:21:48,064 [INFO] Entered User_ID.
2024-09-19 16:21:48,101 [INFO] Entered Password.
2024-09-19 16:21:48,142 [INFO] Entered Transaction_Quantity.
2024-09-19 16:21:48,169 [INFO] Entered Age.
2024-09-19 16:21:48,187 [INFO] Selected Payment_Method.
2024-09-19 16:21:48,209 [INFO] Selected Card_Type.
2024-09-19 16:21:48,236 [INFO] Entered Card_Number.
2024-09-19 16:21:48,236 [INFO] Submitting the form.
2024-09-19 16:21:48,264 [INFO] Successfully clicked the submit button.
2024-09-19 16:29:08,388 [INFO] Initializing the automation process.
2024-09-19 16:29:20,582 [INFO] Initializing the automation process.
2024-09-19 16:29:21,575 [INFO] Opening the page: http://localhost:3000/main
2024-09-19 16:29:22,284 [INFO] Page has loaded successfully.
2024-09-19 16:29:22,284 [INFO] Clicking the booking button.
2024-09-19 16:29:22,339 [INFO] Successfully clicked the booking button.
2024-09-19 16:29:22,339 [INFO] Filling out the form.
2024-09-19 16:29:22,383 [INFO] Entered User_ID.
2024-09-19 16:29:22,428 [INFO] Entered Password.
2024-09-19 16:29:22,478 [INFO] Entered Transaction_Quantity.
2024-09-19 16:29:22,504 [INFO] Entered Age.
2024-09-19 16:29:22,540 [INFO] Selected Payment_Method.
2024-09-19 16:29:22,569 [INFO] Selected Card_Type.
2024-09-19 16:29:22,607 [INFO] Entered Card_Number.
2024-09-19 16:29:22,608 [INFO] Submitting the form.
2024-09-19 16:29:22,646 [INFO] Successfully clicked the submit button.
2024-09-19 16:29:22,646 [INFO] Filling out the form.
2024-09-19 16:29:22,681 [INFO] Entered User_ID.
2024-09-19 16:29:22,717 [INFO] Entered Password.
2024-09-19 16:29:22,759 [INFO] Entered Transaction_Quantity.
2024-09-19 16:29:22,784 [INFO] Entered Age.
2024-09-19 16:29:22,798 [INFO] Selected Payment_Method.
2024-09-19 16:29:22,813 [INFO] Selected Card_Type.
2024-09-19 16:29:22,839 [INFO] Entered Card_Number.
2024-09-19 16:29:22,840 [INFO] Submitting the form.
2024-09-19 16:29:22,868 [INFO] Successfully clicked the submit button.
2024-09-19 16:29:22,868 [INFO] Filling out the form.
2024-09-19 16:29:22,898 [INFO] Entered User_ID.
2024-09-19 16:29:22,932 [INFO] Entered Password.
2024-09-19 16:29:22,972 [INFO] Entered Transaction_Quantity.
2024-09-19 16:29:22,999 [INFO] Entered Age.
2024-09-19 16:29:23,014 [INFO] Selected Payment_Method.
2024-09-19 16:29:23,032 [INFO] Selected Card_Type.
2024-09-19 16:29:23,061 [INFO] Entered Card_Number.
2024-09-19 16:29:23,062 [INFO] Submitting the form.
2024-09-19 16:29:23,091 [INFO] Successfully clicked the submit button.
2024-09-19 16:29:23,092 [INFO] Filling out the form.
2024-09-19 16:29:23,129 [INFO] Entered User_ID.
2024-09-19 16:29:23,160 [INFO] Entered Password.
2024-09-19 16:29:23,204 [INFO] Entered Transaction_Quantity.
2024-09-19 16:29:23,234 [INFO] Entered Age.
2024-09-19 16:29:23,253 [INFO] Selected Payment_Method.
2024-09-19 16:29:23,269 [INFO] Selected Card_Type.
2024-09-19 16:29:23,295 [INFO] Entered Card_Number.
2024-09-19 16:29:23,295 [INFO] Submitting the form.
2024-09-19 16:29:23,322 [INFO] Successfully clicked the submit button.
2024-09-19 16:29:23,322 [INFO] Filling out the form.
2024-09-19 16:29:23,355 [INFO] Entered User_ID.
2024-09-19 16:29:23,395 [INFO] Entered Password.
2024-09-19 16:29:23,436 [INFO] Entered Transaction_Quantity.
2024-09-19 16:29:23,461 [INFO] Entered Age.
2024-09-19 16:29:23,480 [INFO] Selected Payment_Method.
2024-09-19 16:29:23,498 [INFO] Selected Card_Type.
2024-09-19 16:29:23,528 [INFO] Entered Card_Number.
2024-09-19 16:29:23,528 [INFO] Submitting the form.
2024-09-19 16:29:23,558 [INFO] Successfully clicked the submit button.
2024-09-19 18:09:09,906 [INFO] Initializing the automation process.
2024-09-19 18:09:10,915 [INFO] Opening the page: http://localhost:3000/main
2024-09-19 18:09:11,618 [INFO] Page has loaded successfully.
2024-09-19 18:09:11,618 [INFO] Clicking the booking button.
2024-09-19 18:09:11,667 [INFO] Successfully clicked the booking button.
2024-09-19 18:09:11,668 [INFO] Filling out the form.
2024-09-19 18:09:11,716 [INFO] Entered User_ID.
2024-09-19 18:09:11,756 [INFO] Entered Password.
2024-09-19 18:09:11,802 [INFO] Entered Transaction_Quantity.
2024-09-19 18:09:11,833 [INFO] Entered Age.
2024-09-19 18:09:11,872 [INFO] Selected Payment_Method.
2024-09-19 18:09:11,906 [INFO] Selected Card_Type.
2024-09-19 18:09:11,947 [INFO] Entered Card_Number.
2024-09-19 18:09:11,947 [INFO] Submitting the form.
2024-09-19 18:09:11,983 [INFO] Successfully clicked the submit button.
2024-09-19 18:09:11,984 [INFO] Filling out the form.
2024-09-19 18:09:12,018 [INFO] Entered User_ID.
2024-09-19 18:09:12,057 [INFO] Entered Password.
2024-09-19 18:09:12,098 [INFO] Entered Transaction_Quantity.
2024-09-19 18:09:12,124 [INFO] Entered Age.
2024-09-19 18:09:12,138 [INFO] Selected Payment_Method.
2024-09-19 18:09:12,154 [INFO] Selected Card_Type.
2024-09-19 18:09:12,180 [INFO] Entered Card_Number.
2024-09-19 18:09:12,180 [INFO] Submitting the form.
2024-09-19 18:09:12,209 [INFO] Successfully clicked the submit button.
2024-09-19 18:09:12,209 [INFO] Filling out the form.
2024-09-19 18:09:12,237 [INFO] Entered User_ID.
2024-09-19 18:09:12,269 [INFO] Entered Password.
2024-09-19 18:09:12,307 [INFO] Entered Transaction_Quantity.
2024-09-19 18:09:12,332 [INFO] Entered Age.
2024-09-19 18:09:12,346 [INFO] Selected Payment_Method.
2024-09-19 18:09:12,359 [INFO] Selected Card_Type.
2024-09-19 18:09:12,387 [INFO] Entered Card_Number.
2024-09-19 18:09:12,387 [INFO] Submitting the form.
2024-09-19 18:09:12,418 [INFO] Successfully clicked the submit button.
2024-09-19 18:09:12,418 [INFO] Filling out the form.
2024-09-19 18:09:12,451 [INFO] Entered User_ID.
2024-09-19 18:09:12,495 [INFO] Entered Password.
2024-09-19 18:09:12,540 [INFO] Entered Transaction_Quantity.
2024-09-19 18:09:12,569 [INFO] Entered Age.
2024-09-19 18:09:12,587 [INFO] Selected Payment_Method.
2024-09-19 18:09:12,604 [INFO] Selected Card_Type.
2024-09-19 18:09:12,635 [INFO] Entered Card_Number.
2024-09-19 18:09:12,635 [INFO] Submitting the form.
2024-09-19 18:09:12,660 [INFO] Successfully clicked the submit button.
2024-09-19 18:09:12,660 [INFO] Filling out the form.
2024-09-19 18:09:12,670 [INFO] Entered User_ID.
2024-09-19 18:09:12,672 [ERROR] Error while processing input fields: Alert Text: 매크로가 감지되었습니다. 나중에 다시 이용해 주십시오.
Message: unexpected alert open: {Alert text : 매크로가 감지되었습니다. 나중에 다시 이용해 주십시오.}
  (Session info: chrome=129.0.6668.59)
Stacktrace:
	GetHandleVerifier [0x00007FF7356EFDA5+29557]
	(No symbol) [0x00007FF735662240]
	(No symbol) [0x00007FF73551B6EA]
	(No symbol) [0x00007FF7355B948B]
	(No symbol) [0x00007FF7355972A3]
	(No symbol) [0x00007FF7355612DF]
	(No symbol) [0x00007FF735562451]
	GetHandleVerifier [0x00007FF735A1DCBD+3363469]
	GetHandleVerifier [0x00007FF735A69B47+3674391]
	GetHandleVerifier [0x00007FF735A5EAEB+3629243]
	GetHandleVerifier [0x00007FF7357AFC66+815670]
	(No symbol) [0x00007FF73566D6EF]
	(No symbol) [0x00007FF7356692B4]
	(No symbol) [0x00007FF735669450]
	(No symbol) [0x00007FF7356581FF]
	BaseThreadInitThunk [0x00007FF86B457374+20]
	RtlUserThreadStart [0x00007FF86B5FCC91+33]

2024-09-19 18:09:12,673 [INFO] Quitting the driver.
